<?xml version="1.0" encoding="UTF-8"?>
<!-- Generated by org.testng.reporters.JUnitReportReporter -->
<testsuite hostname="LAPTOP-5SGPDORB" failures="0" tests="1" name="day5.ParsingComplexJSONResponse" time="1.173" errors="0" timestamp="2025-07-23T08:05:42 IST" skipped="0">
  <testcase classname="day5.ParsingComplexJSONResponse" name="userDetailsValidation" time="1.173"/>
</testsuite> <!-- day5.ParsingComplexJSONResponse -->
