<?xml version="1.0" encoding="UTF-8"?>
<!-- Generated by org.testng.reporters.JUnitReportReporter -->
<testsuite hostname="LAPTOP-5SGPDORB" failures="0" tests="2" name="day4.FileUpload" time="5.032" errors="0" timestamp="2025-10-04T16:46:44 IST" skipped="1">
  <testcase classname="day4.FileUpload" name="singleFileUpload" time="5.032"/>
  <testcase classname="day4.FileUpload" name="multipleFileUpload">
    <skipped/>
  </testcase> <!-- multipleFileUpload -->
</testsuite> <!-- day4.FileUpload -->
