<?xml version="1.0" encoding="UTF-8"?>
<!-- Generated by org.testng.reporters.JUnitReportReporter -->
<testsuite hostname="LAPTOP-5SGPDORB" failures="0" tests="1" name="day5.ParsingResponseFromActualAPI" time="4.555" errors="0" timestamp="2025-08-08T18:02:48 IST" skipped="0">
  <testcase classname="day5.ParsingResponseFromActualAPI" name="employeesAPIResponse" time="4.555"/>
</testsuite> <!-- day5.ParsingResponseFromActualAPI -->
