<?xml version="1.0" encoding="UTF-8"?>
<!-- Generated by org.testng.reporters.JUnitReportReporter -->
<testsuite hostname="LAPTOP-5SGPDORB" failures="0" tests="1" name="day2.PostRequestUsingPOJO" time="2.651" errors="0" timestamp="2025-06-03T08:25:07 IST" skipped="0">
  <testcase classname="day2.PostRequestUsingPOJO" name="createStudentUsingHashMap" time="2.651"/>
</testsuite> <!-- day2.PostRequestUsingPOJO -->
