<?xml version="1.0" encoding="UTF-8"?>
<!-- Generated by org.testng.reporters.JUnitReportReporter -->
<testsuite hostname="LAPTOP-5SGPDORB" failures="0" tests="1" name="day8.DeSerialization" time="0.155" errors="0" timestamp="2025-08-24T20:43:56 IST" skipped="0">
  <testcase classname="day8.DeSerialization" name="DeSerializationTest" time="0.155"/>
</testsuite> <!-- day8.DeSerialization -->
