<?xml version="1.0" encoding="UTF-8"?>
<!-- Generated by org.testng.reporters.JUnitReportReporter -->
<testsuite hostname="LAPTOP-5SGPDORB" failures="0" tests="1" name="day7.FakerLibrary" time="0.278" errors="0" timestamp="2025-08-24T13:27:22 IST" skipped="0">
  <testcase classname="day7.FakerLibrary" name="fakeDataGeneration" time="0.278"/>
</testsuite> <!-- day7.FakerLibrary -->
