<?xml version="1.0" encoding="UTF-8"?>
<!-- Generated by org.testng.reporters.JUnitReportReporter -->
<testsuite hostname="LAPTOP-5SGPDORB" failures="0" tests="3" name="day6.ParsingXMLResponse" time="3.217" errors="0" timestamp="2025-08-24T12:48:49 IST" skipped="2">
  <testcase classname="day6.ParsingXMLResponse" name="parsingXMLResponsePart3" time="3.217"/>
  <testcase classname="day6.ParsingXMLResponse" name="parsingXMLResponse">
    <skipped/>
  </testcase> <!-- parsingXMLResponse -->
  <testcase classname="day6.ParsingXMLResponse" name="parsingXMLResponsePart2">
    <skipped/>
  </testcase> <!-- parsingXMLResponsePart2 -->
</testsuite> <!-- day6.ParsingXMLResponse -->
