<?xml version="1.0" encoding="UTF-8"?>
<!-- Generated by org.testng.reporters.JUnitReportReporter -->
<testsuite hostname="LAPTOP-5SGPDORB" failures="0" tests="4" name="day1.HTTPMethodsDemo" time="4.567" errors="0" timestamp="2025-07-18T07:12:21 IST" skipped="0">
  <testcase classname="day1.HTTPMethodsDemo" name="getUser" time="2.965"/>
  <testcase classname="day1.HTTPMethodsDemo" name="createUser" time="0.783"/>
  <testcase classname="day1.HTTPMethodsDemo" name="updateUser" time="0.434"/>
  <testcase classname="day1.HTTPMethodsDemo" name="deleteUser" time="0.385"/>
</testsuite> <!-- day1.HTTPMethodsDemo -->
