<?xml version="1.0" encoding="UTF-8"?>
<!-- Generated by org.testng.reporters.JUnitReportReporter -->
<testsuite hostname="LAPTOP-5SGPDORB" failures="0" tests="1" name="day7_SingleClassAPIChaining.JSONCSchemaValidator" time="2.275" errors="0" timestamp="2025-08-24T23:58:22 IST" skipped="0">
  <testcase classname="day7_SingleClassAPIChaining.JSONCSchemaValidator" name="schemaValidation" time="2.275"/>
</testsuite> <!-- day7_SingleClassAPIChaining.JSONCSchemaValidator -->
