<?xml version="1.0" encoding="UTF-8"?>
<!-- Generated by org.testng.reporters.JUnitReportReporter -->
<testsuite hostname="LAPTOP-5SGPDORB" failures="0" tests="1" name="day5.ParsingResponseFromActualAPI2" time="2.312" errors="0" timestamp="2025-08-08T18:43:32 IST" skipped="0">
  <testcase classname="day5.ParsingResponseFromActualAPI2" name="storesAPITest" time="2.312"/>
</testsuite> <!-- day5.ParsingResponseFromActualAPI2 -->
