<?xml version="1.0" encoding="UTF-8"?>
<!-- Generated by org.testng.reporters.JUnitReportReporter -->
<testsuite hostname="LAPTOP-5SGPDORB" failures="0" tests="1" name="day2.PostRequestUsingExternalJSONFile" time="2.802" errors="0" timestamp="2025-06-03T08:38:52 IST" skipped="0">
  <testcase classname="day2.PostRequestUsingExternalJSONFile" name="createStudentUsingExternalJSONFile" time="2.802"/>
</testsuite> <!-- day2.PostRequestUsingExternalJSONFile -->
