<?xml version="1.0" encoding="UTF-8"?>
<!-- Generated by org.testng.reporters.JUnitReportReporter -->
<testsuite hostname="LAPTOP-5SGPDORB" failures="0" tests="1" name="day3.APIKeyAuthentication" time="1.967" errors="0" timestamp="2025-08-14T11:29:40 IST" skipped="0">
  <testcase classname="day3.APIKeyAuthentication" name="apiKeyAuthenttication" time="1.967"/>
</testsuite> <!-- day3.APIKeyAuthentication -->
