<?xml version="1.0" encoding="UTF-8"?>
<!-- Generated by org.testng.reporters.JUnitReportReporter -->
<testsuite hostname="LAPTOP-5SGPDORB" failures="0" tests="3" name="day3.BasicAuthentication" time="3.267" errors="0" timestamp="2025-10-04T16:43:29 IST" skipped="2">
  <testcase classname="day3.BasicAuthentication" name="digestAuth" time="3.267"/>
  <testcase classname="day3.BasicAuthentication" name="basicPreEmptiveAuth">
    <skipped/>
  </testcase> <!-- basicPreEmptiveAuth -->
  <testcase classname="day3.BasicAuthentication" name="basicAuth">
    <skipped/>
  </testcase> <!-- basicAuth -->
</testsuite> <!-- day3.BasicAuthentication -->
