<?xml version="1.0" encoding="UTF-8"?>
<!-- Generated by org.testng.reporters.JUnitReportReporter -->
<testsuite hostname="LAPTOP-5SGPDORB" failures="0" tests="1" name="day2.PostRequestUsingJSONLibrary" time="2.465" errors="0" timestamp="2025-06-03T08:12:05 IST" skipped="0">
  <testcase classname="day2.PostRequestUsingJSONLibrary" name="createStudentUsingJSONLibrary" time="2.465"/>
</testsuite> <!-- day2.PostRequestUsingJSONLibrary -->
