<?xml version="1.0" encoding="UTF-8"?>
<!-- Generated by org.testng.reporters.JUnitReportReporter -->
<testsuite hostname="LAPTOP-5SGPDORB" failures="0" tests="1" name="day2.PostRequestBodyPayload" time="2.394" errors="0" timestamp="2025-06-03T07:51:34 IST" skipped="0">
  <testcase classname="day2.PostRequestBodyPayload" name="createStudentUsingHashMap" time="2.394"/>
</testsuite> <!-- day2.PostRequestBodyPayload -->
