<?xml version="1.0" encoding="UTF-8"?>
<!-- Generated by org.testng.reporters.JUnitReportReporter -->
<testsuite hostname="LAPTOP-5SGPDORB" failures="0" tests="2" name="day8.Serialization" time="2.464" errors="0" timestamp="2025-08-24T20:43:56 IST" skipped="0">
  <testcase classname="day8.Serialization" name="SerializationTest" time="2.446"/>
  <testcase classname="day8.Serialization" name="deleteUser" time="0.018"/>
</testsuite> <!-- day8.Serialization -->
