<?xml version="1.0" encoding="UTF-8"?>
<!-- Generated by org.testng.reporters.JUnitReportReporter -->
<testsuite hostname="LAPTOP-5SGPDORB" failures="0" tests="2" name="day8_Serialization.Serialization" time="2.308" errors="0" timestamp="2025-08-24T19:42:32 IST" skipped="0">
  <testcase classname="day8_Serialization.Serialization" name="SerializationTest" time="2.273"/>
  <testcase classname="day8_Serialization.Serialization" name="deleteUser" time="0.035"/>
</testsuite> <!-- day8_Serialization.Serialization -->
