<?xml version="1.0" encoding="UTF-8"?>
<!-- Generated by org.testng.reporters.JUnitReportReporter -->
<testsuite hostname="LAPTOP-5SGPDORB" failures="0" tests="1" name="day4.HeadersTesting" time="2.146" errors="0" timestamp="2025-10-04T16:48:54 IST" skipped="0">
  <testcase classname="day4.HeadersTesting" name="headers" time="2.146"/>
</testsuite> <!-- day4.HeadersTesting -->
