<?xml version="1.0" encoding="UTF-8"?>
<!-- Generated by org.testng.reporters.JUnitReportReporter -->
<testsuite hostname="LAPTOP-5SGPDORB" failures="0" tests="3" name="day8_RequestAndResponseSpecification.RequestAndResponseSpecification" time="2.208" errors="0" timestamp="2025-08-24T23:41:52 IST" skipped="0">
  <testcase classname="day8_RequestAndResponseSpecification.RequestAndResponseSpecification" name="getEmployees" time="2.075"/>
  <testcase classname="day8_RequestAndResponseSpecification.RequestAndResponseSpecification" name="getMaleEmployees" time="0.087"/>
  <testcase classname="day8_RequestAndResponseSpecification.RequestAndResponseSpecification" name="getFemaleEmployees" time="0.046"/>
</testsuite> <!-- day8_RequestAndResponseSpecification.RequestAndResponseSpecification -->
