<?xml version="1.0" encoding="UTF-8"?>
<!-- Generated by org.testng.reporters.JUnitReportReporter -->
<testsuite hostname="LAPTOP-5SGPDORB" failures="0" tests="2" name="day2.QueryAndPathParameters" time="2.092" errors="0" timestamp="2025-06-04T11:50:14 IST" skipped="1">
  <testcase classname="day2.QueryAndPathParameters" name="queryParameter" time="2.092"/>
  <testcase classname="day2.QueryAndPathParameters" name="pathParameters">
    <skipped/>
  </testcase> <!-- pathParameters -->
</testsuite> <!-- day2.QueryAndPathParameters -->
