<?xml version="1.0" encoding="UTF-8"?>
<!-- Generated by org.testng.reporters.JUnitReportReporter -->
<testsuite hostname="LAPTOP-5SGPDORB" failures="0" tests="1" name="day4.CookiesTesting" time="2.044" errors="0" timestamp="2025-10-04T16:52:23 IST" skipped="0">
  <testcase classname="day4.CookiesTesting" name="cookies" time="2.044"/>
</testsuite> <!-- day4.CookiesTesting -->
